f:\programming\g52cpp\cw_post_firstmark\cpp_cw2016_vs2015\debug\courseworkbase.bsc
f:\programming\g52cpp\cw_post_firstmark\cpp_cw2016_vs2015\debug\vc140.pdb
f:\programming\g52cpp\cw_post_firstmark\cpp_cw2016_vs2015\debug\vc140.idb
f:\programming\g52cpp\cw_post_firstmark\cpp_cw2016_vs2015\debug\firstdemo.sbr
f:\programming\g52cpp\cw_post_firstmark\cpp_cw2016_vs2015\debug\firstdemoobject.sbr
f:\programming\g52cpp\cw_post_firstmark\cpp_cw2016_vs2015\debug\firstdemotilemanager.sbr
f:\programming\g52cpp\cw_post_firstmark\cpp_cw2016_vs2015\debug\mainfunction.sbr
f:\programming\g52cpp\cw_post_firstmark\cpp_cw2016_vs2015\debug\baseengine.sbr
f:\programming\g52cpp\cw_post_firstmark\cpp_cw2016_vs2015\debug\displayableobject.sbr
f:\programming\g52cpp\cw_post_firstmark\cpp_cw2016_vs2015\debug\fontmanager.sbr
f:\programming\g52cpp\cw_post_firstmark\cpp_cw2016_vs2015\debug\jpgimage.sbr
f:\programming\g52cpp\cw_post_firstmark\cpp_cw2016_vs2015\debug\seconddemoobject.sbr
f:\programming\g52cpp\cw_post_firstmark\cpp_cw2016_vs2015\debug\simpledemo.sbr
f:\programming\g52cpp\cw_post_firstmark\cpp_cw2016_vs2015\debug\tilemanager.sbr
f:\programming\g52cpp\cw_post_firstmark\cpp_cw2016_vs2015\debug\bouncingball.sbr
f:\programming\g52cpp\cw_post_firstmark\cpp_cw2016_vs2015\debug\bouncingballmain.sbr
f:\programming\g52cpp\cw_post_firstmark\cpp_cw2016_vs2015\debug\demo1main.sbr
f:\programming\g52cpp\cw_post_firstmark\cpp_cw2016_vs2015\debug\demo2main.sbr
f:\programming\g52cpp\cw_post_firstmark\cpp_cw2016_vs2015\debug\demo2object.sbr
f:\programming\g52cpp\cw_post_firstmark\cpp_cw2016_vs2015\debug\demo2tilemanager.sbr
f:\programming\g52cpp\cw_post_firstmark\cpp_cw2016_vs2015\debug\demo3main.sbr
f:\programming\g52cpp\cw_post_firstmark\cpp_cw2016_vs2015\debug\demo3object.sbr
f:\programming\g52cpp\cw_post_firstmark\cpp_cw2016_vs2015\debug\demo3objectfinished.sbr
f:\programming\g52cpp\cw_post_firstmark\cpp_cw2016_vs2015\debug\demo3objectfinished.obj
f:\programming\g52cpp\cw_post_firstmark\cpp_cw2016_vs2015\debug\demo3object.obj
f:\programming\g52cpp\cw_post_firstmark\cpp_cw2016_vs2015\debug\demo3main.obj
f:\programming\g52cpp\cw_post_firstmark\cpp_cw2016_vs2015\debug\demo2tilemanager.obj
f:\programming\g52cpp\cw_post_firstmark\cpp_cw2016_vs2015\debug\demo2object.obj
f:\programming\g52cpp\cw_post_firstmark\cpp_cw2016_vs2015\debug\demo2main.obj
f:\programming\g52cpp\cw_post_firstmark\cpp_cw2016_vs2015\debug\demo1main.obj
f:\programming\g52cpp\cw_post_firstmark\cpp_cw2016_vs2015\debug\bouncingballmain.obj
f:\programming\g52cpp\cw_post_firstmark\cpp_cw2016_vs2015\debug\bouncingball.obj
f:\programming\g52cpp\cw_post_firstmark\cpp_cw2016_vs2015\debug\tilemanager.obj
f:\programming\g52cpp\cw_post_firstmark\cpp_cw2016_vs2015\debug\simpledemo.obj
f:\programming\g52cpp\cw_post_firstmark\cpp_cw2016_vs2015\debug\seconddemoobject.obj
f:\programming\g52cpp\cw_post_firstmark\cpp_cw2016_vs2015\debug\jpgimage.obj
f:\programming\g52cpp\cw_post_firstmark\cpp_cw2016_vs2015\debug\fontmanager.obj
f:\programming\g52cpp\cw_post_firstmark\cpp_cw2016_vs2015\debug\displayableobject.obj
f:\programming\g52cpp\cw_post_firstmark\cpp_cw2016_vs2015\debug\baseengine.obj
f:\programming\g52cpp\cw_post_firstmark\cpp_cw2016_vs2015\debug\mainfunction.obj
f:\programming\g52cpp\cw_post_firstmark\cpp_cw2016_vs2015\debug\firstdemotilemanager.obj
f:\programming\g52cpp\cw_post_firstmark\cpp_cw2016_vs2015\debug\firstdemoobject.obj
f:\programming\g52cpp\cw_post_firstmark\cpp_cw2016_vs2015\debug\firstdemo.obj
f:\programming\g52cpp\cw_post_firstmark\cpp_cw2016_vs2015\debug\demo3tilemanager.sbr
f:\programming\g52cpp\cw_post_firstmark\cpp_cw2016_vs2015\debug\demo4main.sbr
f:\programming\g52cpp\cw_post_firstmark\cpp_cw2016_vs2015\debug\demo4object.sbr
f:\programming\g52cpp\cw_post_firstmark\cpp_cw2016_vs2015\debug\demo4tilemanager.sbr
f:\programming\g52cpp\cw_post_firstmark\cpp_cw2016_vs2015\debug\demo4tilemanager.obj
f:\programming\g52cpp\cw_post_firstmark\cpp_cw2016_vs2015\debug\demo4object.obj
f:\programming\g52cpp\cw_post_firstmark\cpp_cw2016_vs2015\debug\demo4main.obj
f:\programming\g52cpp\cw_post_firstmark\cpp_cw2016_vs2015\debug\demo3tilemanager.obj
f:\programming\g52cpp\cw_post_firstmark\cpp_cw2016_vs2015\debug\gamemain.sbr
f:\programming\g52cpp\cw_post_firstmark\cpp_cw2016_vs2015\debug\enemy.sbr
f:\programming\g52cpp\cw_post_firstmark\cpp_cw2016_vs2015\debug\maptilemanager.sbr
f:\programming\g52cpp\cw_post_firstmark\cpp_cw2016_vs2015\debug\movableobject.sbr
f:\programming\g52cpp\cw_post_firstmark\cpp_cw2016_vs2015\debug\movableobject.obj
f:\programming\g52cpp\cw_post_firstmark\cpp_cw2016_vs2015\debug\maptilemanager.obj
f:\programming\g52cpp\cw_post_firstmark\cpp_cw2016_vs2015\debug\gamemain.obj
f:\programming\g52cpp\cw_post_firstmark\cpp_cw2016_vs2015\debug\enemy.obj
f:\programming\g52cpp\cw_post_firstmark\cpp_cw2016_vs2015\debug\wavemanager.sbr
f:\programming\g52cpp\cw_post_firstmark\cpp_cw2016_vs2015\debug\wavemanager.obj
f:\programming\g52cpp\cw_post_firstmark\cpp_cw2016_vs2015\debug\turretbasic.sbr
f:\programming\g52cpp\cw_post_firstmark\cpp_cw2016_vs2015\debug\turretbasic.obj
f:\programming\g52cpp\cw_post_firstmark\cpp_cw2016_vs2015\debug\courseworkbase.ilk
f:\programming\g52cpp\cw_post_firstmark\cpp_cw2016_vs2015\debug\courseworkbase.exe
f:\programming\g52cpp\cw_post_firstmark\cpp_cw2016_vs2015\src\map
f:\programming\g52cpp\cw_post_firstmark\cpp_cw2016_vs2015\debug\courseworkbase.pdb
f:\programming\g52cpp\cw_post_firstmark\cpp_cw2016_vs2015\debug\vc120.idb
f:\programming\g52cpp\cw_post_firstmark\cpp_cw2016_vs2015\debug\vc120.pdb
f:\programming\g52cpp\cw_post_firstmark\cpp_cw2016_vs2015\/debug\courseworkbase.pdb
f:\programming\g52cpp\cw_post_firstmark\cpp_cw2016_vs2015\/debug\courseworkbase.exe
f:\programming\g52cpp\cw_post_firstmark\cpp_cw2016_vs2015\/debug\courseworkbase.bsc
f:\programming\g52cpp\cw_post_firstmark\cpp_cw2016_vs2015\/debug\courseworkbase.ilk
f:\programming\g52cpp\cw_post_firstmark\cpp_cw2016_vs2015\debug\courseworkbase.tlog\bscmake.command.1.tlog
f:\programming\g52cpp\cw_post_firstmark\cpp_cw2016_vs2015\debug\courseworkbase.tlog\bscmake.read.1.tlog
f:\programming\g52cpp\cw_post_firstmark\cpp_cw2016_vs2015\debug\courseworkbase.tlog\bscmake.write.1.tlog
f:\programming\g52cpp\cw_post_firstmark\cpp_cw2016_vs2015\debug\courseworkbase.tlog\cl.command.1.tlog
f:\programming\g52cpp\cw_post_firstmark\cpp_cw2016_vs2015\debug\courseworkbase.tlog\cl.read.1.tlog
f:\programming\g52cpp\cw_post_firstmark\cpp_cw2016_vs2015\debug\courseworkbase.tlog\cl.write.1.tlog
f:\programming\g52cpp\cw_post_firstmark\cpp_cw2016_vs2015\debug\courseworkbase.tlog\link.command.1.tlog
f:\programming\g52cpp\cw_post_firstmark\cpp_cw2016_vs2015\debug\courseworkbase.tlog\link.read.1.tlog
f:\programming\g52cpp\cw_post_firstmark\cpp_cw2016_vs2015\debug\courseworkbase.tlog\link.write.1.tlog
