  BouncingObject.cpp
  Enemy.cpp
  Game.cpp
  GameMain.cpp
  GameOverState.cpp
  GameState.cpp
  GameStateManager.cpp
  HighscoresState.cpp
  mainfunction.cpp
  BaseEngine.cpp
  DisplayableObject.cpp
  FontManager.cpp
  JPGImage.cpp
  MapTileManager.cpp
  MenuState.cpp
  MenuTileManager.cpp
  MovableObject.cpp
  ProjectileBasic.cpp
  ProjectileCannon.cpp
  ProjectileCannonFrag.cpp
  Generating Code...
  Compiling...
  ProjectileSniper.cpp
  SimpleDemo.cpp
  TileManager.cpp
  BouncingBall.cpp
  BouncingBallMain.cpp
  Demo1Main.cpp
  Demo2Main.cpp
  Demo2Object.cpp
  Demo2TileManager.cpp
  Demo3Main.cpp
  Demo3Object.cpp
  Demo3ObjectFinished.cpp
  Demo3TileManager.cpp
  Demo4Main.cpp
  Demo4Object.cpp
  Demo4TileManager.cpp
  TurretBasic.cpp
  TurretCannon.cpp
  TurretSniper.cpp
  WaveManager.cpp
  Generating Code...
  CourseworkBase.vcxproj -> F:\Programming\G52CPP\CW_post_firstmark\CPP_CW2016_vs2015\/Debug\CourseworkBase.exe
